TN:
SF:src/index.ts
FN:1,(anonymous_0)
FNF:1
FNH:1
FNDA:29,(anonymous_0)
DA:1,30
LF:1
LH:1
BRF:0
BRH:0
end_of_record
TN:
SF:src/url-builder.ts
FN:6,(anonymous_6)
FN:17,(anonymous_8)
FN:37,(anonymous_9)
FN:57,(anonymous_10)
FNF:4
FNH:4
FNDA:50,(anonymous_6)
FNDA:24,(anonymous_8)
FNDA:24,(anonymous_9)
FNDA:46,(anonymous_10)
DA:1,1
DA:6,49
DA:7,48
DA:17,47
DA:18,24
DA:19,24
DA:20,24
DA:21,1
DA:23,23
DA:24,22
DA:37,44
DA:38,24
DA:39,24
DA:40,1
DA:42,23
DA:43,22
DA:49,22
DA:57,1
DA:58,46
DA:59,2
DA:62,1
LF:21
LH:21
BRDA:6,0,0,49
BRDA:6,0,1,49
BRDA:6,0,2,48
BRDA:17,1,0,23
BRDA:17,1,1,1
BRDA:18,2,0,23
BRDA:18,2,1,1
BRDA:20,3,0,1
BRDA:20,3,1,23
BRDA:37,4,0,20
BRDA:37,4,1,4
BRDA:39,5,0,1
BRDA:39,5,1,23
BRDA:49,6,0,4
BRDA:49,6,1,18
BRDA:58,7,0,2
BRDA:58,7,1,44
BRF:17
BRH:17
end_of_record
TN:
SF:src/url-param-builder.ts
FN:4,(anonymous_0)
FN:15,UrlParamBuilder
FN:37,(anonymous_2)
FN:59,(anonymous_3)
FNF:4
FNH:4
FNDA:1,(anonymous_0)
FNDA:61,UrlParamBuilder
FNDA:14,(anonymous_2)
FNDA:28,(anonymous_3)
DA:4,1
DA:7,61
DA:21,61
DA:22,61
DA:23,2
DA:37,1
DA:38,14
DA:39,3
DA:42,11
DA:46,9
DA:47,9
DA:49,2
DA:51,11
DA:59,1
DA:60,28
DA:62,1
LF:16
LH:16
BRDA:22,0,0,2
BRDA:22,0,1,59
BRDA:38,1,0,3
BRDA:38,1,1,11
BRDA:38,2,0,14
BRDA:38,2,1,11
BRDA:38,2,2,11
BRDA:43,3,0,2
BRDA:43,3,1,4
BRDA:43,3,2,9
BRDA:43,3,3,2
BRF:11
BRH:11
end_of_record
TN:
SF:test/url-builder.spec.ts
FN:7,(anonymous_0)
FN:14,(anonymous_1)
FN:15,(anonymous_2)
FN:16,(anonymous_3)
FN:20,(anonymous_4)
FN:21,(anonymous_5)
FN:29,(anonymous_6)
FN:35,(anonymous_7)
FN:41,(anonymous_8)
FN:42,(anonymous_9)
FN:45,(anonymous_10)
FN:46,(anonymous_11)
FN:50,(anonymous_12)
FN:54,(anonymous_13)
FN:55,(anonymous_14)
FN:64,(anonymous_15)
FN:65,(anonymous_16)
FN:74,(anonymous_17)
FN:75,(anonymous_18)
FN:84,(anonymous_19)
FN:95,(anonymous_20)
FN:103,(anonymous_21)
FN:105,(anonymous_22)
FN:108,(anonymous_23)
FNF:24
FNH:24
FNDA:1,(anonymous_0)
FNDA:1,(anonymous_1)
FNDA:1,(anonymous_2)
FNDA:1,(anonymous_3)
FNDA:1,(anonymous_4)
FNDA:1,(anonymous_5)
FNDA:1,(anonymous_6)
FNDA:1,(anonymous_7)
FNDA:1,(anonymous_8)
FNDA:1,(anonymous_9)
FNDA:1,(anonymous_10)
FNDA:1,(anonymous_11)
FNDA:1,(anonymous_12)
FNDA:4,(anonymous_13)
FNDA:4,(anonymous_14)
FNDA:4,(anonymous_15)
FNDA:4,(anonymous_16)
FNDA:4,(anonymous_17)
FNDA:4,(anonymous_18)
FNDA:1,(anonymous_19)
FNDA:1,(anonymous_20)
FNDA:1,(anonymous_21)
FNDA:1,(anonymous_22)
FNDA:1,(anonymous_23)
DA:3,1
DA:4,1
DA:5,1
DA:7,1
DA:9,1
DA:10,1
DA:11,1
DA:12,1
DA:14,1
DA:15,1
DA:16,1
DA:20,1
DA:21,1
DA:22,1
DA:24,1
DA:27,1
DA:29,1
DA:30,1
DA:32,1
DA:35,1
DA:36,1
DA:38,1
DA:41,1
DA:42,1
DA:45,1
DA:46,1
DA:50,1
DA:52,1
DA:54,1
DA:55,4
DA:56,4
DA:60,4
DA:64,1
DA:65,4
DA:66,4
DA:70,4
DA:74,1
DA:75,4
DA:76,4
DA:80,4
DA:84,1
DA:85,1
DA:87,1
DA:89,1
DA:91,1
DA:92,1
DA:95,1
DA:96,1
DA:100,1
DA:103,1
DA:104,1
DA:105,1
DA:108,1
DA:109,1
DA:111,1
DA:112,1
DA:113,1
DA:115,1
LF:58
LH:58
BRF:0
BRH:0
end_of_record
TN:
SF:test/url-param-builder.spec.ts
FN:8,(anonymous_0)
FN:15,(anonymous_1)
FN:16,(anonymous_2)
FN:17,(anonymous_3)
FN:21,(anonymous_4)
FN:22,(anonymous_5)
FN:31,(anonymous_6)
FN:42,(anonymous_7)
FN:52,(anonymous_8)
FN:62,(anonymous_9)
FN:80,(anonymous_10)
FN:91,(anonymous_11)
FNF:12
FNH:12
FNDA:1,(anonymous_0)
FNDA:1,(anonymous_1)
FNDA:1,(anonymous_2)
FNDA:1,(anonymous_3)
FNDA:1,(anonymous_4)
FNDA:1,(anonymous_5)
FNDA:1,(anonymous_6)
FNDA:1,(anonymous_7)
FNDA:1,(anonymous_8)
FNDA:1,(anonymous_9)
FNDA:1,(anonymous_10)
FNDA:1,(anonymous_11)
DA:3,1
DA:4,1
DA:5,1
DA:6,1
DA:8,1
DA:10,1
DA:11,1
DA:12,1
DA:13,1
DA:15,1
DA:16,1
DA:17,1
DA:21,1
DA:22,1
DA:23,1
DA:28,1
DA:31,1
DA:32,1
DA:39,1
DA:42,1
DA:43,1
DA:49,1
DA:52,1
DA:53,1
DA:59,1
DA:62,1
DA:63,1
DA:65,1
DA:70,1
DA:72,1
DA:74,1
DA:75,1
DA:77,1
DA:80,1
DA:81,1
DA:84,1
DA:85,1
DA:86,1
DA:88,1
DA:91,1
DA:92,1
DA:98,1
LF:42
LH:42
BRF:0
BRH:0
end_of_record
