TN:
SF:src/index.ts
FN:1,(anonymous_0)
FNF:1
FNH:1
FNDA:40,(anonymous_0)
DA:1,41
LF:1
LH:1
BRF:0
BRH:0
end_of_record
TN:
SF:src/url-builder.ts
FN:6,(anonymous_6)
FN:17,(anonymous_8)
FN:37,(anonymous_9)
FN:60,(anonymous_10)
FN:77,(anonymous_11)
FN:88,(anonymous_12)
FN:101,(anonymous_13)
FNF:7
FNH:7
FNDA:71,(anonymous_6)
FNDA:35,(anonymous_8)
FNDA:24,(anonymous_9)
FNDA:11,(anonymous_10)
FNDA:32,(anonymous_11)
FNDA:57,(anonymous_12)
FNDA:32,(anonymous_13)
DA:1,1
DA:6,70
DA:7,69
DA:17,69
DA:18,35
DA:19,35
DA:20,35
DA:21,1
DA:23,34
DA:24,33
DA:37,44
DA:38,24
DA:39,24
DA:40,1
DA:42,23
DA:44,22
DA:45,22
DA:46,22
DA:60,19
DA:61,11
DA:62,11
DA:63,1
DA:66,10
DA:67,10
DA:68,10
DA:77,1
DA:79,32
DA:80,32
DA:88,1
DA:89,57
DA:90,2
DA:101,1
DA:102,32
DA:104,1
LF:34
LH:34
BRDA:6,0,0,70
BRDA:6,0,1,70
BRDA:6,0,2,69
BRDA:17,1,0,34
BRDA:17,1,1,1
BRDA:18,2,0,34
BRDA:18,2,1,1
BRDA:20,3,0,1
BRDA:20,3,1,34
BRDA:37,4,0,20
BRDA:37,4,1,4
BRDA:39,5,0,1
BRDA:39,5,1,23
BRDA:60,6,0,5
BRDA:60,6,1,6
BRDA:60,7,0,8
BRDA:60,7,1,3
BRDA:61,8,0,3
BRDA:61,8,1,8
BRDA:62,9,0,1
BRDA:62,9,1,10
BRDA:89,10,0,2
BRDA:89,10,1,55
BRDA:102,11,0,7
BRDA:102,11,1,25
BRF:25
BRH:25
end_of_record
TN:
SF:src/url-param-builder.ts
FN:4,(anonymous_0)
FN:15,UrlParamBuilder
FN:37,(anonymous_2)
FN:59,(anonymous_3)
FNF:4
FNH:4
FNDA:1,(anonymous_0)
FNDA:82,UrlParamBuilder
FNDA:14,(anonymous_2)
FNDA:39,(anonymous_3)
DA:4,1
DA:7,82
DA:21,82
DA:22,82
DA:23,2
DA:37,1
DA:38,14
DA:39,3
DA:42,11
DA:46,9
DA:47,9
DA:49,2
DA:51,11
DA:59,1
DA:60,39
DA:62,1
LF:16
LH:16
BRDA:22,0,0,2
BRDA:22,0,1,80
BRDA:38,1,0,3
BRDA:38,1,1,11
BRDA:38,2,0,14
BRDA:38,2,1,11
BRDA:38,2,2,11
BRDA:43,3,0,2
BRDA:43,3,1,4
BRDA:43,3,2,9
BRDA:43,3,3,2
BRF:11
BRH:11
end_of_record
TN:
SF:test/url-builder.spec.ts
FN:7,(anonymous_0)
FN:14,(anonymous_1)
FN:15,(anonymous_2)
FN:16,(anonymous_3)
FN:20,(anonymous_4)
FN:21,(anonymous_5)
FN:29,(anonymous_6)
FN:35,(anonymous_7)
FN:41,(anonymous_8)
FN:42,(anonymous_9)
FN:45,(anonymous_10)
FN:46,(anonymous_11)
FN:50,(anonymous_12)
FN:54,(anonymous_13)
FN:55,(anonymous_14)
FN:64,(anonymous_15)
FN:65,(anonymous_16)
FN:74,(anonymous_17)
FN:75,(anonymous_18)
FN:84,(anonymous_19)
FN:95,(anonymous_20)
FN:103,(anonymous_21)
FN:105,(anonymous_22)
FN:108,(anonymous_23)
FN:119,(anonymous_24)
FN:120,(anonymous_25)
FN:124,(anonymous_26)
FN:133,(anonymous_27)
FN:142,(anonymous_28)
FN:146,(anonymous_29)
FN:155,(anonymous_30)
FN:159,(anonymous_31)
FN:168,(anonymous_32)
FNF:33
FNH:33
FNDA:1,(anonymous_0)
FNDA:1,(anonymous_1)
FNDA:1,(anonymous_2)
FNDA:1,(anonymous_3)
FNDA:1,(anonymous_4)
FNDA:1,(anonymous_5)
FNDA:1,(anonymous_6)
FNDA:1,(anonymous_7)
FNDA:1,(anonymous_8)
FNDA:1,(anonymous_9)
FNDA:1,(anonymous_10)
FNDA:1,(anonymous_11)
FNDA:1,(anonymous_12)
FNDA:4,(anonymous_13)
FNDA:4,(anonymous_14)
FNDA:4,(anonymous_15)
FNDA:4,(anonymous_16)
FNDA:4,(anonymous_17)
FNDA:4,(anonymous_18)
FNDA:1,(anonymous_19)
FNDA:1,(anonymous_20)
FNDA:1,(anonymous_21)
FNDA:1,(anonymous_22)
FNDA:1,(anonymous_23)
FNDA:1,(anonymous_24)
FNDA:1,(anonymous_25)
FNDA:3,(anonymous_26)
FNDA:1,(anonymous_27)
FNDA:1,(anonymous_28)
FNDA:3,(anonymous_29)
FNDA:1,(anonymous_30)
FNDA:3,(anonymous_31)
FNDA:1,(anonymous_32)
DA:3,1
DA:4,1
DA:5,1
DA:7,1
DA:9,1
DA:10,1
DA:11,1
DA:12,1
DA:14,1
DA:15,1
DA:16,1
DA:20,1
DA:21,1
DA:22,1
DA:24,1
DA:27,1
DA:29,1
DA:30,1
DA:32,1
DA:35,1
DA:36,1
DA:38,1
DA:41,1
DA:42,1
DA:45,1
DA:46,1
DA:50,1
DA:52,1
DA:54,1
DA:55,4
DA:56,4
DA:60,4
DA:64,1
DA:65,4
DA:66,4
DA:70,4
DA:74,1
DA:75,4
DA:76,4
DA:80,4
DA:84,1
DA:85,1
DA:87,1
DA:89,1
DA:91,1
DA:92,1
DA:95,1
DA:96,1
DA:100,1
DA:103,1
DA:104,1
DA:105,1
DA:108,1
DA:109,1
DA:111,1
DA:112,1
DA:113,1
DA:115,1
DA:119,1
DA:120,1
DA:121,1
DA:122,1
DA:124,1
DA:125,3
DA:129,3
DA:133,1
DA:134,1
DA:135,1
DA:139,1
DA:142,1
DA:143,1
DA:144,1
DA:146,1
DA:147,3
DA:151,3
DA:155,1
DA:156,1
DA:157,1
DA:159,1
DA:160,3
DA:164,3
DA:168,1
DA:169,1
DA:171,1
DA:172,1
DA:173,1
DA:175,1
LF:87
LH:87
BRF:0
BRH:0
end_of_record
TN:
SF:test/url-param-builder.spec.ts
FN:8,(anonymous_0)
FN:15,(anonymous_1)
FN:16,(anonymous_2)
FN:17,(anonymous_3)
FN:21,(anonymous_4)
FN:22,(anonymous_5)
FN:31,(anonymous_6)
FN:42,(anonymous_7)
FN:52,(anonymous_8)
FN:62,(anonymous_9)
FN:80,(anonymous_10)
FN:91,(anonymous_11)
FNF:12
FNH:12
FNDA:1,(anonymous_0)
FNDA:1,(anonymous_1)
FNDA:1,(anonymous_2)
FNDA:1,(anonymous_3)
FNDA:1,(anonymous_4)
FNDA:1,(anonymous_5)
FNDA:1,(anonymous_6)
FNDA:1,(anonymous_7)
FNDA:1,(anonymous_8)
FNDA:1,(anonymous_9)
FNDA:1,(anonymous_10)
FNDA:1,(anonymous_11)
DA:3,1
DA:4,1
DA:5,1
DA:6,1
DA:8,1
DA:10,1
DA:11,1
DA:12,1
DA:13,1
DA:15,1
DA:16,1
DA:17,1
DA:21,1
DA:22,1
DA:23,1
DA:28,1
DA:31,1
DA:32,1
DA:39,1
DA:42,1
DA:43,1
DA:49,1
DA:52,1
DA:53,1
DA:59,1
DA:62,1
DA:63,1
DA:65,1
DA:70,1
DA:72,1
DA:74,1
DA:75,1
DA:77,1
DA:80,1
DA:81,1
DA:84,1
DA:85,1
DA:86,1
DA:88,1
DA:91,1
DA:92,1
DA:98,1
LF:42
LH:42
BRF:0
BRH:0
end_of_record
